<?xml version="1.0" encoding="UTF-8"?>
<!-- Generated by org.testng.reporters.JUnitReportReporter -->
<testsuite skipped="0" hostname="QTLSYS0-225" name="tests.QCStore" tests="4" failures="0" timestamp="24 Sep 2020 07:20:26 GMT" time="4770.446" errors="0">
  <testcase name="QC_LOC_Payment_Default_Repo_Refinance_Txn_Testdata" time="1448.656" classname="tests.QCStore"/>
  <testcase name="QC_LOC_Payment_Default_Repo_RefinanceWithDisb_Txn_Testdata" time="1298.110" classname="tests.QCStore"/>
  <testcase name="QC_LOC_Payment_Default_DefaultPayment_Repo_RefinanceWithDisb_Txn_Testdata" time="1322.777" classname="tests.QCStore"/>
  <testcase name="QC_LOC_SignatureLoan_Runtwostatements_WaiveFee_CheckWaiveFeein2997Store_Txn_Testdata" time="700.903" classname="tests.QCStore"/>
</testsuite> <!-- tests.QCStore -->
