<?xml version="1.0" encoding="UTF-8"?>
<!-- Generated by org.testng.reporters.JUnitReportReporter -->
<testsuite skipped="0" hostname="QTLSYS0-225" name="tests.QCStore" tests="25" failures="0" timestamp="25 Sep 2020 12:35:58 GMT" time="13943.276" errors="0">
  <testcase name="QC_Sprint_B20_178_1_Txn_Testdata" time="581.819" classname="tests.QCStore"/>
  <testcase name="QC_Sprint_B20_178_2_Txn_Testdata" time="503.715" classname="tests.QCStore"/>
  <testcase name="QC_Sprint_B20_178_3_Txn_Testdata" time="473.026" classname="tests.QCStore"/>
  <testcase name="QC_Sprint_B20_178_5_Txn_Testdata" time="385.006" classname="tests.QCStore"/>
  <testcase name="QC_Sprint_B20_179_1_Txn_Testdata" time="571.518" classname="tests.QCStore"/>
  <testcase name="QC_Sprint_B20_179_2_Txn_Testdata" time="545.198" classname="tests.QCStore"/>
  <testcase name="QC_Sprint_B20_179_6_Txn_Testdata" time="539.492" classname="tests.QCStore"/>
  <testcase name="QC_Sprint_B20_180_1_Txn_Testdata" time="670.925" classname="tests.QCStore"/>
  <testcase name="QC_Sprint_B20_180_2_Txn_Testdata" time="563.187" classname="tests.QCStore"/>
  <testcase name="QC_Sprint_B20_180_3_Txn_Testdata" time="578.871" classname="tests.QCStore"/>
  <testcase name="QC_Sprint_B20_180_6_Txn_Testdata" time="606.484" classname="tests.QCStore"/>
  <testcase name="QC_Sprint_B20_181_1_Txn_Testdata" time="674.105" classname="tests.QCStore"/>
  <testcase name="QC_Sprint_B20_181_2_Txn_Testdata" time="579.906" classname="tests.QCStore"/>
  <testcase name="QC_Sprint_B20_181_3_Txn_Testdata" time="487.171" classname="tests.QCStore"/>
  <testcase name="QC_Sprint_B20_181_7_Txn_Testdata" time="741.261" classname="tests.QCStore"/>
  <testcase name="QC_Sprint_B20_182_1_Txn_Testdata" time="516.802" classname="tests.QCStore"/>
  <testcase name="QC_Sprint_B20_182_2_Txn_Testdata" time="582.976" classname="tests.QCStore"/>
  <testcase name="QC_Sprint_B20_182_6_Txn_Testdata" time="583.886" classname="tests.QCStore"/>
  <testcase name="QC_Sprint_B20_183_1_Txn_Testdata" time="635.138" classname="tests.QCStore"/>
  <testcase name="QC_Sprint_B20_183_2_Txn_Testdata" time="467.721" classname="tests.QCStore"/>
  <testcase name="QC_Sprint_B20_183_6_Txn_Testdata" time="488.012" classname="tests.QCStore"/>
  <testcase name="QC_Sprint_B20_184_1_Txn_Testdata" time="600.259" classname="tests.QCStore"/>
  <testcase name="QC_Sprint_B20_184_2_Txn_Testdata" time="528.881" classname="tests.QCStore"/>
  <testcase name="QC_Sprint_B20_184_4_Txn_Testdata" time="561.070" classname="tests.QCStore"/>
  <testcase name="QC_Sprint_B20_184_5_Txn_Testdata" time="476.847" classname="tests.QCStore"/>
</testsuite> <!-- tests.QCStore -->
